<?xml version="1.0" encoding="UTF-8"?>
<testsuite xmlns:xsi="http://www.w3.org/2001/XMLSchema-instance" xsi:noNamespaceSchemaLocation="https://maven.apache.org/surefire/maven-surefire-plugin/xsd/surefire-test-report.xsd" name="com.mycompany.dvdstore.AppTest" time="0.031" tests="1" errors="0" skipped="0" failures="0">
  <properties>
    <property name="java.specification.version" value="17"/>
    <property name="sun.cpu.isalist" value="amd64"/>
    <property name="sun.jnu.encoding" value="Cp1252"/>
    <property name="java.class.path" value="f:\projets\dvd-store\core\target\test-classes;f:\projets\dvd-store\core\target\classes;F:\Java\Maven\Maven repos\.m2\repository\junit\junit\4.13.2\junit-4.13.2.jar;F:\Java\Maven\Maven repos\.m2\repository\org\hamcrest\hamcrest-core\1.3\hamcrest-core-1.3.jar;F:\Java\Maven\Maven repos\.m2\repository\org\springframework\spring-context\5.3.19\spring-context-5.3.19.jar;F:\Java\Maven\Maven repos\.m2\repository\org\springframework\spring-aop\5.3.19\spring-aop-5.3.19.jar;F:\Java\Maven\Maven repos\.m2\repository\org\springframework\spring-beans\5.3.19\spring-beans-5.3.19.jar;F:\Java\Maven\Maven repos\.m2\repository\org\springframework\spring-core\5.3.19\spring-core-5.3.19.jar;F:\Java\Maven\Maven repos\.m2\repository\org\springframework\spring-jcl\5.3.19\spring-jcl-5.3.19.jar;F:\Java\Maven\Maven repos\.m2\repository\org\springframework\spring-expression\5.3.19\spring-expression-5.3.19.jar;F:\Java\Maven\Maven repos\.m2\repository\org\springframework\boot\spring-boot-autoconfigure\2.6.7\spring-boot-autoconfigure-2.6.7.jar;F:\Java\Maven\Maven repos\.m2\repository\org\springframework\boot\spring-boot\2.6.7\spring-boot-2.6.7.jar;"/>
    <property name="java.vm.vendor" value="Oracle Corporation"/>
    <property name="sun.arch.data.model" value="64"/>
    <property name="user.variant" value=""/>
    <property name="java.vendor.url" value="https://java.oracle.com/"/>
    <property name="user.timezone" value="Europe/Paris"/>
    <property name="os.name" value="Windows 10"/>
    <property name="java.vm.specification.version" value="17"/>
    <property name="sun.java.launcher" value="SUN_STANDARD"/>
    <property name="user.country" value="FR"/>
    <property name="sun.boot.library.path" value="F:\Java\Java\jdk-17\bin"/>
    <property name="sun.java.command" value="D:\TMP\surefire15800253082252590616\surefirebooter14944836768786316409.jar D:\TMP\surefire15800253082252590616 2022-05-11T16-15-10_425-jvmRun1 surefire10836216768801584980tmp surefire_012276804772652399015tmp"/>
    <property name="jdk.debug" value="release"/>
    <property name="surefire.test.class.path" value="f:\projets\dvd-store\core\target\test-classes;f:\projets\dvd-store\core\target\classes;F:\Java\Maven\Maven repos\.m2\repository\junit\junit\4.13.2\junit-4.13.2.jar;F:\Java\Maven\Maven repos\.m2\repository\org\hamcrest\hamcrest-core\1.3\hamcrest-core-1.3.jar;F:\Java\Maven\Maven repos\.m2\repository\org\springframework\spring-context\5.3.19\spring-context-5.3.19.jar;F:\Java\Maven\Maven repos\.m2\repository\org\springframework\spring-aop\5.3.19\spring-aop-5.3.19.jar;F:\Java\Maven\Maven repos\.m2\repository\org\springframework\spring-beans\5.3.19\spring-beans-5.3.19.jar;F:\Java\Maven\Maven repos\.m2\repository\org\springframework\spring-core\5.3.19\spring-core-5.3.19.jar;F:\Java\Maven\Maven repos\.m2\repository\org\springframework\spring-jcl\5.3.19\spring-jcl-5.3.19.jar;F:\Java\Maven\Maven repos\.m2\repository\org\springframework\spring-expression\5.3.19\spring-expression-5.3.19.jar;F:\Java\Maven\Maven repos\.m2\repository\org\springframework\boot\spring-boot-autoconfigure\2.6.7\spring-boot-autoconfigure-2.6.7.jar;F:\Java\Maven\Maven repos\.m2\repository\org\springframework\boot\spring-boot\2.6.7\spring-boot-2.6.7.jar;"/>
    <property name="sun.cpu.endian" value="little"/>
    <property name="user.home" value="C:\Users\kevin"/>
    <property name="user.language" value="fr"/>
    <property name="java.specification.vendor" value="Oracle Corporation"/>
    <property name="java.version.date" value="2021-10-19"/>
    <property name="java.home" value="F:\Java\Java\jdk-17"/>
    <property name="file.separator" value="\"/>
    <property name="basedir" value="f:\projets\dvd-store\core"/>
    <property name="java.vm.compressedOopsMode" value="Zero based"/>
    <property name="line.separator" value="&#10;"/>
    <property name="java.vm.specification.vendor" value="Oracle Corporation"/>
    <property name="java.specification.name" value="Java Platform API Specification"/>
    <property name="surefire.real.class.path" value="D:\TMP\surefire15800253082252590616\surefirebooter14944836768786316409.jar"/>
    <property name="user.script" value=""/>
    <property name="sun.management.compiler" value="HotSpot 64-Bit Tiered Compilers"/>
    <property name="java.runtime.version" value="17.0.1+12-39"/>
    <property name="user.name" value="kevin"/>
    <property name="path.separator" value=";"/>
    <property name="os.version" value="10.0"/>
    <property name="java.runtime.name" value="OpenJDK Runtime Environment"/>
    <property name="file.encoding" value="Cp1252"/>
    <property name="java.vm.name" value="OpenJDK 64-Bit Server VM"/>
    <property name="localRepository" value="F:\Java\Maven\Maven repos\.m2\repository"/>
    <property name="java.vendor.url.bug" value="https://bugreport.java.com/bugreport/"/>
    <property name="java.io.tmpdir" value="D:\TMP\"/>
    <property name="java.version" value="17.0.1"/>
    <property name="user.dir" value="f:\projets\dvd-store\core"/>
    <property name="os.arch" value="amd64"/>
    <property name="java.vm.specification.name" value="Java Virtual Machine Specification"/>
    <property name="sun.os.patch.level" value=""/>
    <property name="native.encoding" value="Cp1252"/>
    <property name="java.library.path" value="F:\Java\Java\jdk-17\bin;C:\WINDOWS\Sun\Java\bin;C:\WINDOWS\system32;C:\WINDOWS;C:\Program Files\PowerShell\7;C:\Python310\Scripts\;C:\Python310\;%JAVA_HOME\bin;%MAVEN_HOME\bin;C:\Python39\Scripts\;C:\Python39\;C:\Windows\system32;C:\Windows;C:\Windows\System32\Wbem;C:\Windows\System32\WindowsPowerShell\v1.0\;C:\Windows\System32\OpenSSH\;C:\Program Files\Microsoft VS Code\bin;C:\Program Files (x86)\NVIDIA Corporation\PhysX\Common;C:\Program Files\NVIDIA Corporation\NVIDIA NvDLISR;C:\Program Files (x86)\WinSCP\;C:\Program Files\dotnet\;C:\ProgramData\chocolatey\bin;C:\laragon\bin\php\php-8.1.1-Win32-vs16-x64;C:\ProgramData\ComposerSetup\bin;C:\WINDOWS\system32;C:\WINDOWS;C:\WINDOWS\System32\Wbem;C:\WINDOWS\System32\WindowsPowerShell\v1.0\;C:\WINDOWS\System32\OpenSSH\;C:\Program Files\nodejs\;C:\Program Files\PowerShell\7\;C:\Program Files\Git\cmd;C:\laragon\bin;C:\laragon\bin\apache\httpd-2.4.48-win64-VS16\bin;C:\laragon\bin\laragon\utils;C:\laragon\bin\mysql\mysql-5.7.35-winx64\bin;C:\laragon\bin\php\php-7.4.27-Win32-vc15-x64;C:\laragon\bin\postgresql\postgresql-13.4-1\bin;C:\laragon\bin\ruby\rubyinstaller-3.0.2-1-x64\bin;C:\laragon\bin\yarn\bin;C:\laragon\usr\bin;C:\Users\kevin\AppData\Local\Yarn\config\global\node_modules\.bin;C:\Users\kevin\AppData\Roaming\Composer\vendor\bin;C:\Users\kevin\AppData\Roaming\npm;C:\Users\kevin\AppData\Local\Microsoft\WindowsApps;C:\Program Files\JetBrains\IntelliJ IDEA 2021.1.3\bin;F:\Java\Java\jdk-17\bin;F:\Java\Maven\apache-maven-3.8.1\bin;C:\Program Files\heroku\bin;C:\Program Files\JetBrains\IntelliJ IDEA 2021.3.2\bin;;."/>
    <property name="java.vm.info" value="mixed mode, sharing"/>
    <property name="java.vendor" value="Oracle Corporation"/>
    <property name="java.vm.version" value="17.0.1+12-39"/>
    <property name="sun.io.unicode.encoding" value="UnicodeLittle"/>
    <property name="java.class.version" value="61.0"/>
  </properties>
  <testcase name="shouldAnswerWithTrue" classname="com.mycompany.dvdstore.AppTest" time="0.002"/>
</testsuite>